1/27/2025 1:36:37 PM,C:\Dhananjay\New Data\Brick00000.asd,GPS data not available.

1/27/2025 1:36:39 PM,C:\Dhananjay\New Data\Brick00001.asd,GPS data not available.

1/27/2025 1:36:42 PM,C:\Dhananjay\New Data\Brick00002.asd,GPS data not available.

1/27/2025 1:36:44 PM,C:\Dhananjay\New Data\Brick00003.asd,GPS data not available.

1/27/2025 1:36:47 PM,C:\Dhananjay\New Data\Brick00004.asd,GPS data not available.

1/27/2025 1:36:49 PM,C:\Dhananjay\New Data\Brick00005.asd,GPS data not available.

1/27/2025 1:36:52 PM,C:\Dhananjay\New Data\Brick00006.asd,GPS data not available.

1/27/2025 1:36:54 PM,C:\Dhananjay\New Data\Brick00007.asd,GPS data not available.

1/27/2025 1:36:57 PM,C:\Dhananjay\New Data\Brick00008.asd,GPS data not available.

1/27/2025 1:37:00 PM,C:\Dhananjay\New Data\Brick00009.asd,GPS data not available.

1/27/2025 1:37:38 PM,C:\Dhananjay\New Data\Brick00010.asd,GPS data not available.

1/27/2025 1:37:40 PM,C:\Dhananjay\New Data\Brick00011.asd,GPS data not available.

1/27/2025 1:37:43 PM,C:\Dhananjay\New Data\Brick00012.asd,GPS data not available.

1/27/2025 1:37:45 PM,C:\Dhananjay\New Data\Brick00013.asd,GPS data not available.

1/27/2025 1:37:48 PM,C:\Dhananjay\New Data\Brick00014.asd,GPS data not available.

1/27/2025 1:37:50 PM,C:\Dhananjay\New Data\Brick00015.asd,GPS data not available.

1/27/2025 1:37:53 PM,C:\Dhananjay\New Data\Brick00016.asd,GPS data not available.

1/27/2025 1:37:56 PM,C:\Dhananjay\New Data\Brick00017.asd,GPS data not available.

1/27/2025 1:37:58 PM,C:\Dhananjay\New Data\Brick00018.asd,GPS data not available.

1/27/2025 1:38:01 PM,C:\Dhananjay\New Data\Brick00019.asd,GPS data not available.

1/27/2025 1:38:17 PM,C:\Dhananjay\New Data\Brick00020.asd,GPS data not available.

1/27/2025 1:38:19 PM,C:\Dhananjay\New Data\Brick00021.asd,GPS data not available.

1/27/2025 1:38:21 PM,C:\Dhananjay\New Data\Brick00022.asd,GPS data not available.

1/27/2025 1:38:24 PM,C:\Dhananjay\New Data\Brick00023.asd,GPS data not available.

1/27/2025 1:38:27 PM,C:\Dhananjay\New Data\Brick00024.asd,GPS data not available.

1/27/2025 1:38:29 PM,C:\Dhananjay\New Data\Brick00025.asd,GPS data not available.

1/27/2025 1:38:32 PM,C:\Dhananjay\New Data\Brick00026.asd,GPS data not available.

1/27/2025 1:38:34 PM,C:\Dhananjay\New Data\Brick00027.asd,GPS data not available.

1/27/2025 1:38:37 PM,C:\Dhananjay\New Data\Brick00028.asd,GPS data not available.

1/27/2025 1:38:40 PM,C:\Dhananjay\New Data\Brick00029.asd,GPS data not available.

1/27/2025 1:38:45 PM,C:\Dhananjay\New Data\Brick00030.asd,GPS data not available.

1/27/2025 1:38:47 PM,C:\Dhananjay\New Data\Brick00031.asd,GPS data not available.

1/27/2025 1:38:50 PM,C:\Dhananjay\New Data\Brick00032.asd,GPS data not available.

1/27/2025 1:38:53 PM,C:\Dhananjay\New Data\Brick00033.asd,GPS data not available.

1/27/2025 1:38:55 PM,C:\Dhananjay\New Data\Brick00034.asd,GPS data not available.

1/27/2025 1:38:58 PM,C:\Dhananjay\New Data\Brick00035.asd,GPS data not available.

1/27/2025 1:39:00 PM,C:\Dhananjay\New Data\Brick00036.asd,GPS data not available.

1/27/2025 1:39:03 PM,C:\Dhananjay\New Data\Brick00037.asd,GPS data not available.

1/27/2025 1:39:05 PM,C:\Dhananjay\New Data\Brick00038.asd,GPS data not available.

1/27/2025 1:39:08 PM,C:\Dhananjay\New Data\Brick00039.asd,GPS data not available.

1/27/2025 1:39:13 PM,C:\Dhananjay\New Data\Brick00040.asd,GPS data not available.

1/27/2025 1:39:16 PM,C:\Dhananjay\New Data\Brick00041.asd,GPS data not available.

1/27/2025 1:39:18 PM,C:\Dhananjay\New Data\Brick00042.asd,GPS data not available.

1/27/2025 1:39:21 PM,C:\Dhananjay\New Data\Brick00043.asd,GPS data not available.

1/27/2025 1:39:24 PM,C:\Dhananjay\New Data\Brick00044.asd,GPS data not available.

1/27/2025 1:39:26 PM,C:\Dhananjay\New Data\Brick00045.asd,GPS data not available.

1/27/2025 1:39:29 PM,C:\Dhananjay\New Data\Brick00046.asd,GPS data not available.

1/27/2025 1:39:31 PM,C:\Dhananjay\New Data\Brick00047.asd,GPS data not available.

1/27/2025 1:39:34 PM,C:\Dhananjay\New Data\Brick00048.asd,GPS data not available.

1/27/2025 1:39:37 PM,C:\Dhananjay\New Data\Brick00049.asd,GPS data not available.

1/27/2025 1:39:42 PM,C:\Dhananjay\New Data\Brick00050.asd,GPS data not available.

1/27/2025 1:39:44 PM,C:\Dhananjay\New Data\Brick00051.asd,GPS data not available.

1/27/2025 1:39:47 PM,C:\Dhananjay\New Data\Brick00052.asd,GPS data not available.

1/27/2025 1:39:49 PM,C:\Dhananjay\New Data\Brick00053.asd,GPS data not available.

1/27/2025 1:39:52 PM,C:\Dhananjay\New Data\Brick00054.asd,GPS data not available.

1/27/2025 1:39:54 PM,C:\Dhananjay\New Data\Brick00055.asd,GPS data not available.

1/27/2025 1:39:57 PM,C:\Dhananjay\New Data\Brick00056.asd,GPS data not available.

1/27/2025 1:40:00 PM,C:\Dhananjay\New Data\Brick00057.asd,GPS data not available.

1/27/2025 1:40:03 PM,C:\Dhananjay\New Data\Brick00058.asd,GPS data not available.

1/27/2025 1:40:05 PM,C:\Dhananjay\New Data\Brick00059.asd,GPS data not available.

1/27/2025 1:40:08 PM,C:\Dhananjay\New Data\Brick00060.asd,GPS data not available.

1/27/2025 1:40:10 PM,C:\Dhananjay\New Data\Brick00061.asd,GPS data not available.

1/27/2025 1:40:13 PM,C:\Dhananjay\New Data\Brick00062.asd,GPS data not available.

1/27/2025 1:40:15 PM,C:\Dhananjay\New Data\Brick00063.asd,GPS data not available.

1/27/2025 1:40:18 PM,C:\Dhananjay\New Data\Brick00064.asd,GPS data not available.

1/27/2025 1:40:21 PM,C:\Dhananjay\New Data\Brick00065.asd,GPS data not available.

1/27/2025 1:40:23 PM,C:\Dhananjay\New Data\Brick00066.asd,GPS data not available.

1/27/2025 1:40:26 PM,C:\Dhananjay\New Data\Brick00067.asd,GPS data not available.

1/27/2025 1:40:28 PM,C:\Dhananjay\New Data\Brick00068.asd,GPS data not available.

1/27/2025 1:40:31 PM,C:\Dhananjay\New Data\Brick00069.asd,GPS data not available.

1/27/2025 1:40:34 PM,C:\Dhananjay\New Data\Brick00070.asd,GPS data not available.

1/27/2025 1:40:36 PM,C:\Dhananjay\New Data\Brick00071.asd,GPS data not available.

1/27/2025 1:40:39 PM,C:\Dhananjay\New Data\Brick00072.asd,GPS data not available.

1/27/2025 1:40:41 PM,C:\Dhananjay\New Data\Brick00073.asd,GPS data not available.

1/27/2025 1:40:44 PM,C:\Dhananjay\New Data\Brick00074.asd,GPS data not available.

1/27/2025 1:40:46 PM,C:\Dhananjay\New Data\Brick00075.asd,GPS data not available.

1/27/2025 1:40:49 PM,C:\Dhananjay\New Data\Brick00076.asd,GPS data not available.

1/27/2025 1:40:51 PM,C:\Dhananjay\New Data\Brick00077.asd,GPS data not available.

1/27/2025 1:40:54 PM,C:\Dhananjay\New Data\Brick00078.asd,GPS data not available.

1/27/2025 1:40:57 PM,C:\Dhananjay\New Data\Brick00079.asd,GPS data not available.

1/27/2025 1:41:00 PM,C:\Dhananjay\New Data\Brick00080.asd,GPS data not available.

1/27/2025 1:41:02 PM,C:\Dhananjay\New Data\Brick00081.asd,GPS data not available.

1/27/2025 1:41:04 PM,C:\Dhananjay\New Data\Brick00082.asd,GPS data not available.

1/27/2025 1:41:07 PM,C:\Dhananjay\New Data\Brick00083.asd,GPS data not available.

1/27/2025 1:41:10 PM,C:\Dhananjay\New Data\Brick00084.asd,GPS data not available.

1/27/2025 1:41:12 PM,C:\Dhananjay\New Data\Brick00085.asd,GPS data not available.

1/27/2025 1:41:15 PM,C:\Dhananjay\New Data\Brick00086.asd,GPS data not available.

1/27/2025 1:41:17 PM,C:\Dhananjay\New Data\Brick00087.asd,GPS data not available.

1/27/2025 1:41:20 PM,C:\Dhananjay\New Data\Brick00088.asd,GPS data not available.

1/27/2025 1:41:23 PM,C:\Dhananjay\New Data\Brick00089.asd,GPS data not available.

1/27/2025 1:41:26 PM,C:\Dhananjay\New Data\Brick00090.asd,GPS data not available.

1/27/2025 1:41:28 PM,C:\Dhananjay\New Data\Brick00091.asd,GPS data not available.

1/27/2025 1:41:31 PM,C:\Dhananjay\New Data\Brick00092.asd,GPS data not available.

1/27/2025 1:41:33 PM,C:\Dhananjay\New Data\Brick00093.asd,GPS data not available.

1/27/2025 1:41:36 PM,C:\Dhananjay\New Data\Brick00094.asd,GPS data not available.

1/27/2025 1:41:39 PM,C:\Dhananjay\New Data\Brick00095.asd,GPS data not available.

1/27/2025 1:41:41 PM,C:\Dhananjay\New Data\Brick00096.asd,GPS data not available.

1/27/2025 1:41:44 PM,C:\Dhananjay\New Data\Brick00097.asd,GPS data not available.

1/27/2025 1:41:46 PM,C:\Dhananjay\New Data\Brick00098.asd,GPS data not available.

1/27/2025 1:41:49 PM,C:\Dhananjay\New Data\Brick00099.asd,GPS data not available.

1/27/2025 1:47:54 PM,C:\Dhananjay\New Data\Bel_Phal00000.asd,GPS data not available.

1/27/2025 1:47:57 PM,C:\Dhananjay\New Data\Bel_Phal00001.asd,GPS data not available.

1/27/2025 1:47:59 PM,C:\Dhananjay\New Data\Bel_Phal00002.asd,GPS data not available.

1/27/2025 1:48:02 PM,C:\Dhananjay\New Data\Bel_Phal00003.asd,GPS data not available.

1/27/2025 1:48:04 PM,C:\Dhananjay\New Data\Bel_Phal00004.asd,GPS data not available.

1/27/2025 1:48:07 PM,C:\Dhananjay\New Data\Bel_Phal00005.asd,GPS data not available.

1/27/2025 1:48:10 PM,C:\Dhananjay\New Data\Bel_Phal00006.asd,GPS data not available.

1/27/2025 1:48:12 PM,C:\Dhananjay\New Data\Bel_Phal00007.asd,GPS data not available.

1/27/2025 1:48:15 PM,C:\Dhananjay\New Data\Bel_Phal00008.asd,GPS data not available.

1/27/2025 1:48:17 PM,C:\Dhananjay\New Data\Bel_Phal00009.asd,GPS data not available.

1/27/2025 2:00:59 PM,C:\Dhananjay\New Data\Jaggery00000.asd,GPS data not available.

1/27/2025 2:01:01 PM,C:\Dhananjay\New Data\Jaggery00001.asd,GPS data not available.

1/27/2025 2:01:04 PM,C:\Dhananjay\New Data\Jaggery00002.asd,GPS data not available.

1/27/2025 2:01:06 PM,C:\Dhananjay\New Data\Jaggery00003.asd,GPS data not available.

1/27/2025 2:01:09 PM,C:\Dhananjay\New Data\Jaggery00004.asd,GPS data not available.

1/27/2025 2:01:12 PM,C:\Dhananjay\New Data\Jaggery00005.asd,GPS data not available.

1/27/2025 2:01:14 PM,C:\Dhananjay\New Data\Jaggery00006.asd,GPS data not available.

1/27/2025 2:01:17 PM,C:\Dhananjay\New Data\Jaggery00007.asd,GPS data not available.

1/27/2025 2:01:19 PM,C:\Dhananjay\New Data\Jaggery00008.asd,GPS data not available.

1/27/2025 2:01:22 PM,C:\Dhananjay\New Data\Jaggery00009.asd,GPS data not available.

1/27/2025 2:38:03 PM,C:\Dhananjay\New Data\Bel-fruit00000.asd,GPS data not available.

1/27/2025 2:38:06 PM,C:\Dhananjay\New Data\Bel-fruit00001.asd,GPS data not available.

1/27/2025 2:38:09 PM,C:\Dhananjay\New Data\Bel-fruit00002.asd,GPS data not available.

1/27/2025 2:38:11 PM,C:\Dhananjay\New Data\Bel-fruit00003.asd,GPS data not available.

1/27/2025 2:38:14 PM,C:\Dhananjay\New Data\Bel-fruit00004.asd,GPS data not available.

1/27/2025 2:38:16 PM,C:\Dhananjay\New Data\Bel-fruit00005.asd,GPS data not available.

1/27/2025 2:38:19 PM,C:\Dhananjay\New Data\Bel-fruit00006.asd,GPS data not available.

1/27/2025 2:38:22 PM,C:\Dhananjay\New Data\Bel-fruit00007.asd,GPS data not available.

1/27/2025 2:38:24 PM,C:\Dhananjay\New Data\Bel-fruit00008.asd,GPS data not available.

1/27/2025 2:38:27 PM,C:\Dhananjay\New Data\Bel-fruit00009.asd,GPS data not available.

1/27/2025 2:42:26 PM,C:\Dhananjay\New Data\Jag00000.asd,GPS data not available.

1/27/2025 2:42:28 PM,C:\Dhananjay\New Data\Jag00001.asd,GPS data not available.

1/27/2025 2:42:30 PM,C:\Dhananjay\New Data\Jag00002.asd,GPS data not available.

1/27/2025 2:42:33 PM,C:\Dhananjay\New Data\Jag00003.asd,GPS data not available.

1/27/2025 2:42:35 PM,C:\Dhananjay\New Data\Jag00004.asd,GPS data not available.

1/27/2025 2:42:38 PM,C:\Dhananjay\New Data\Jag00005.asd,GPS data not available.

1/27/2025 2:42:40 PM,C:\Dhananjay\New Data\Jag00006.asd,GPS data not available.

1/27/2025 2:42:43 PM,C:\Dhananjay\New Data\Jag00007.asd,GPS data not available.

1/27/2025 2:42:46 PM,C:\Dhananjay\New Data\Jag00008.asd,GPS data not available.

1/27/2025 2:42:48 PM,C:\Dhananjay\New Data\Jag00009.asd,GPS data not available.

1/27/2025 2:48:21 PM,C:\Dhananjay\New Data\Brickpowder00000.asd,GPS data not available.

1/27/2025 2:48:23 PM,C:\Dhananjay\New Data\Brickpowder00001.asd,GPS data not available.

1/27/2025 2:48:25 PM,C:\Dhananjay\New Data\Brickpowder00002.asd,GPS data not available.

1/27/2025 2:48:28 PM,C:\Dhananjay\New Data\Brickpowder00003.asd,GPS data not available.

1/27/2025 2:48:31 PM,C:\Dhananjay\New Data\Brickpowder00004.asd,GPS data not available.

1/27/2025 2:48:33 PM,C:\Dhananjay\New Data\Brickpowder00005.asd,GPS data not available.

1/27/2025 2:48:36 PM,C:\Dhananjay\New Data\Brickpowder00006.asd,GPS data not available.

1/27/2025 2:48:38 PM,C:\Dhananjay\New Data\Brickpowder00007.asd,GPS data not available.

1/27/2025 2:48:41 PM,C:\Dhananjay\New Data\Brickpowder00008.asd,GPS data not available.

1/27/2025 2:48:43 PM,C:\Dhananjay\New Data\Brickpowder00009.asd,GPS data not available.

